23/09/2014 21:14:40 (Std) 	+-+-+-+-+-+-+-+-+-+-+-+-+-+-+-+-+-+-+-+-+-+-+-+-+-+-+-+-+-+-+-+-+-+-+-+-+-+-+-+
23/09/2014 21:14:40 (Std) 	+                     Crazy Eddie's GUI System - Event log                    +
23/09/2014 21:14:40 (Std) 	+                          (http://www.cegui.org.uk/)                         +
23/09/2014 21:14:40 (Std) 	+-+-+-+-+-+-+-+-+-+-+-+-+-+-+-+-+-+-+-+-+-+-+-+-+-+-+-+-+-+-+-+-+-+-+-+-+-+-+-+

23/09/2014 21:14:40 (Std) 	CEGUI::Logger singleton created. (0x9eba50)
23/09/2014 21:14:40 (Std) 	
23/09/2014 21:14:40 (Std) 	********************************************************************************
23/09/2014 21:14:40 (Std) 	* Important:                                                                   *
23/09/2014 21:14:40 (Std) 	*     To get support at the CEGUI forums, you must post _at least_ the section *
23/09/2014 21:14:40 (Std) 	*     of this log file indicated below.  Failure to do this will result in no  *
23/09/2014 21:14:40 (Std) 	*     support being given; please do not waste our time.                       *
23/09/2014 21:14:40 (Std) 	********************************************************************************
23/09/2014 21:14:40 (Std) 	********************************************************************************
23/09/2014 21:14:40 (Std) 	* -------- START OF ESSENTIAL SECTION TO BE POSTED ON THE FORUM       -------- *
23/09/2014 21:14:40 (Std) 	********************************************************************************
23/09/2014 21:14:40 (Std) 	---- Version: 0.8.4 (Build: Sep 11 2014 GNU/Linux g++ 4.2.1 Compatible Ubuntu Clang 3.5 (trunk) 64 bit) ----
23/09/2014 21:14:40 (Std) 	---- Renderer module is: CEGUI::OpenGL3Renderer - Official OpenGL 3.2 core based renderer module.  TextureTarget support enabled via FBO OGL 3.2 core implementation. ----
23/09/2014 21:14:40 (Std) 	---- XML Parser module is: CEGUI::ExpatParser - Official expat based parser module for CEGUI ----
23/09/2014 21:14:40 (Std) 	---- Image Codec module is: DevILImageCodec - Official DevIL based image codec ----
23/09/2014 21:14:40 (Std) 	---- Scripting module is: None ----
23/09/2014 21:14:40 (Std) 	********************************************************************************
23/09/2014 21:14:40 (Std) 	* -------- END OF ESSENTIAL SECTION TO BE POSTED ON THE FORUM         -------- *
23/09/2014 21:14:40 (Std) 	********************************************************************************
23/09/2014 21:14:40 (Std) 	
23/09/2014 21:14:40 (Std) 	---- Begining CEGUI System initialisation ----
23/09/2014 21:14:40 (Std) 	[CEGUI::ImageManager] Singleton created (0x9f5bb0)
23/09/2014 21:14:40 (Std) 	[CEGUI::ImageManager] Registered Image type: BasicImage
23/09/2014 21:14:40 (Std) 	CEGUI::FontManager singleton created. (0x9f5e30)
23/09/2014 21:14:40 (Std) 	CEGUI::WindowFactoryManager singleton created
23/09/2014 21:14:40 (Std) 	CEGUI::WindowManager singleton created (0x9f5ae0)
23/09/2014 21:14:40 (Std) 	CEGUI::SchemeManager singleton created. (0x9f5f60)
23/09/2014 21:14:40 (Std) 	CEGUI::GlobalEventSet singleton created. (0x9f6090)
23/09/2014 21:14:40 (Std) 	CEGUI::AnimationManager singleton created (0x9f60e0)
23/09/2014 21:14:40 (Std) 	CEGUI::WidgetLookManager singleton created. (0xb215e0)
23/09/2014 21:14:40 (Std) 	CEGUI::WindowRendererManager singleton created (0x9f5b70)
23/09/2014 21:14:40 (Std) 	CEGUI::RenderEffectManager singleton created (0x9f5c30)
23/09/2014 21:14:40 (Std) 	Created WindowFactory for 'DefaultWindow' windows.
23/09/2014 21:14:40 (Std) 	WindowFactory for 'DefaultWindow' windows added. (0x9f96c0)
23/09/2014 21:14:40 (Std) 	Created WindowFactory for 'DragContainer' windows.
23/09/2014 21:14:40 (Std) 	WindowFactory for 'DragContainer' windows added. (0x9f9a60)
23/09/2014 21:14:40 (Std) 	Created WindowFactory for 'ScrolledContainer' windows.
23/09/2014 21:14:40 (Std) 	WindowFactory for 'ScrolledContainer' windows added. (0x9f9c00)
23/09/2014 21:14:40 (Std) 	Created WindowFactory for 'ClippedContainer' windows.
23/09/2014 21:14:40 (Std) 	WindowFactory for 'ClippedContainer' windows added. (0x9f9da0)
23/09/2014 21:14:40 (Std) 	Created WindowFactory for 'CEGUI/PushButton' windows.
23/09/2014 21:14:40 (Std) 	WindowFactory for 'CEGUI/PushButton' windows added. (0x9f9f40)
23/09/2014 21:14:40 (Std) 	Created WindowFactory for 'CEGUI/RadioButton' windows.
23/09/2014 21:14:40 (Std) 	WindowFactory for 'CEGUI/RadioButton' windows added. (0x9fa0e0)
23/09/2014 21:14:40 (Std) 	Created WindowFactory for 'CEGUI/Combobox' windows.
23/09/2014 21:14:40 (Std) 	WindowFactory for 'CEGUI/Combobox' windows added. (0x9fa280)
23/09/2014 21:14:40 (Std) 	Created WindowFactory for 'CEGUI/ComboDropList' windows.
23/09/2014 21:14:40 (Std) 	WindowFactory for 'CEGUI/ComboDropList' windows added. (0x9fa500)
23/09/2014 21:14:40 (Std) 	Created WindowFactory for 'CEGUI/Editbox' windows.
23/09/2014 21:14:40 (Std) 	WindowFactory for 'CEGUI/Editbox' windows added. (0x9fa6a0)
23/09/2014 21:14:40 (Std) 	Created WindowFactory for 'CEGUI/FrameWindow' windows.
23/09/2014 21:14:40 (Std) 	WindowFactory for 'CEGUI/FrameWindow' windows added. (0x9fa840)
23/09/2014 21:14:40 (Std) 	Created WindowFactory for 'CEGUI/ItemEntry' windows.
23/09/2014 21:14:40 (Std) 	WindowFactory for 'CEGUI/ItemEntry' windows added. (0x9fa9e0)
23/09/2014 21:14:40 (Std) 	Created WindowFactory for 'CEGUI/Listbox' windows.
23/09/2014 21:14:40 (Std) 	WindowFactory for 'CEGUI/Listbox' windows added. (0x9fab80)
23/09/2014 21:14:40 (Std) 	Created WindowFactory for 'CEGUI/ListHeader' windows.
23/09/2014 21:14:40 (Std) 	WindowFactory for 'CEGUI/ListHeader' windows added. (0x9fad20)
23/09/2014 21:14:40 (Std) 	Created WindowFactory for 'CEGUI/ListHeaderSegment' windows.
23/09/2014 21:14:40 (Std) 	WindowFactory for 'CEGUI/ListHeaderSegment' windows added. (0x9faec0)
23/09/2014 21:14:40 (Std) 	Created WindowFactory for 'CEGUI/Menubar' windows.
23/09/2014 21:14:40 (Std) 	WindowFactory for 'CEGUI/Menubar' windows added. (0x9fb060)
23/09/2014 21:14:40 (Std) 	Created WindowFactory for 'CEGUI/PopupMenu' windows.
23/09/2014 21:14:40 (Std) 	WindowFactory for 'CEGUI/PopupMenu' windows added. (0x9fb200)
23/09/2014 21:14:40 (Std) 	Created WindowFactory for 'CEGUI/MenuItem' windows.
23/09/2014 21:14:40 (Std) 	WindowFactory for 'CEGUI/MenuItem' windows added. (0x9fb3a0)
23/09/2014 21:14:40 (Std) 	Created WindowFactory for 'CEGUI/MultiColumnList' windows.
23/09/2014 21:14:40 (Std) 	WindowFactory for 'CEGUI/MultiColumnList' windows added. (0x9fb650)
23/09/2014 21:14:40 (Std) 	Created WindowFactory for 'CEGUI/MultiLineEditbox' windows.
23/09/2014 21:14:40 (Std) 	WindowFactory for 'CEGUI/MultiLineEditbox' windows added. (0x9fb7f0)
23/09/2014 21:14:40 (Std) 	Created WindowFactory for 'CEGUI/ProgressBar' windows.
23/09/2014 21:14:40 (Std) 	WindowFactory for 'CEGUI/ProgressBar' windows added. (0x9fb990)
23/09/2014 21:14:40 (Std) 	Created WindowFactory for 'CEGUI/ScrollablePane' windows.
23/09/2014 21:14:40 (Std) 	WindowFactory for 'CEGUI/ScrollablePane' windows added. (0x9fbb30)
23/09/2014 21:14:40 (Std) 	Created WindowFactory for 'CEGUI/Scrollbar' windows.
23/09/2014 21:14:40 (Std) 	WindowFactory for 'CEGUI/Scrollbar' windows added. (0x9fbcd0)
23/09/2014 21:14:40 (Std) 	Created WindowFactory for 'CEGUI/Slider' windows.
23/09/2014 21:14:40 (Std) 	WindowFactory for 'CEGUI/Slider' windows added. (0x9fbe70)
23/09/2014 21:14:40 (Std) 	Created WindowFactory for 'CEGUI/Spinner' windows.
23/09/2014 21:14:40 (Std) 	WindowFactory for 'CEGUI/Spinner' windows added. (0x9fc010)
23/09/2014 21:14:40 (Std) 	Created WindowFactory for 'CEGUI/TabButton' windows.
23/09/2014 21:14:40 (Std) 	WindowFactory for 'CEGUI/TabButton' windows added. (0x9fc1b0)
23/09/2014 21:14:40 (Std) 	Created WindowFactory for 'CEGUI/TabControl' windows.
23/09/2014 21:14:40 (Std) 	WindowFactory for 'CEGUI/TabControl' windows added. (0x9fc350)
23/09/2014 21:14:40 (Std) 	Created WindowFactory for 'CEGUI/Thumb' windows.
23/09/2014 21:14:40 (Std) 	WindowFactory for 'CEGUI/Thumb' windows added. (0x9fc4f0)
23/09/2014 21:14:40 (Std) 	Created WindowFactory for 'CEGUI/Titlebar' windows.
23/09/2014 21:14:40 (Std) 	WindowFactory for 'CEGUI/Titlebar' windows added. (0x9fc690)
23/09/2014 21:14:40 (Std) 	Created WindowFactory for 'CEGUI/ToggleButton' windows.
23/09/2014 21:14:40 (Std) 	WindowFactory for 'CEGUI/ToggleButton' windows added. (0x9fc830)
23/09/2014 21:14:40 (Std) 	Created WindowFactory for 'CEGUI/Tooltip' windows.
23/09/2014 21:14:40 (Std) 	WindowFactory for 'CEGUI/Tooltip' windows added. (0x9fc9d0)
23/09/2014 21:14:40 (Std) 	Created WindowFactory for 'CEGUI/ItemListbox' windows.
23/09/2014 21:14:40 (Std) 	WindowFactory for 'CEGUI/ItemListbox' windows added. (0x9fcb70)
23/09/2014 21:14:40 (Std) 	Created WindowFactory for 'CEGUI/GroupBox' windows.
23/09/2014 21:14:40 (Std) 	WindowFactory for 'CEGUI/GroupBox' windows added. (0x9fcd10)
23/09/2014 21:14:40 (Std) 	Created WindowFactory for 'CEGUI/Tree' windows.
23/09/2014 21:14:40 (Std) 	WindowFactory for 'CEGUI/Tree' windows added. (0x9fceb0)
23/09/2014 21:14:40 (Std) 	Created WindowFactory for 'LayoutCell' windows.
23/09/2014 21:14:40 (Std) 	WindowFactory for 'LayoutCell' windows added. (0x9fb540)
23/09/2014 21:14:40 (Std) 	Created WindowFactory for 'HorizontalLayoutContainer' windows.
23/09/2014 21:14:40 (Std) 	WindowFactory for 'HorizontalLayoutContainer' windows added. (0x9fd340)
23/09/2014 21:14:40 (Std) 	Created WindowFactory for 'VerticalLayoutContainer' windows.
23/09/2014 21:14:40 (Std) 	WindowFactory for 'VerticalLayoutContainer' windows added. (0x9fd4e0)
23/09/2014 21:14:40 (Std) 	Created WindowFactory for 'GridLayoutContainer' windows.
23/09/2014 21:14:40 (Std) 	WindowFactory for 'GridLayoutContainer' windows added. (0x9fd680)
23/09/2014 21:14:40 (Std) 	CEGUI::System singleton created. (0xb21460)
23/09/2014 21:14:40 (Std) 	---- CEGUI System initialisation completed ----
23/09/2014 21:14:40 (Std) 	
23/09/2014 21:14:40 (Std) 	Started creation of Scheme from XML specification:
23/09/2014 21:14:40 (Std) 	---- CEGUI GUIScheme name: TaharezLook
23/09/2014 21:14:40 (Std) 	[ImageManager] Started creation of Imageset from XML specification:
23/09/2014 21:14:40 (Std) 	[ImageManager] ---- CEGUI Imageset name: TaharezLook
23/09/2014 21:14:40 (Std) 	[ImageManager] ---- Source texture file: TaharezLook.png
23/09/2014 21:14:40 (Std) 	[ImageManager] ---- Source texture resource group: (Default)
23/09/2014 21:14:40 (Std) 	[OpenGLRenderer] Created texture: TaharezLook
23/09/2014 21:14:40 (Std) 	[ImageManager] Created image: 'TaharezLook/ClientBrush' (0xb592e0) of type: BasicImage
23/09/2014 21:14:40 (Std) 	[ImageManager] Created image: 'TaharezLook/GenericBrush' (0xa04250) of type: BasicImage
23/09/2014 21:14:40 (Std) 	[ImageManager] Created image: 'TaharezLook/WindowLeftEdge' (0xb59d40) of type: BasicImage
23/09/2014 21:14:40 (Std) 	[ImageManager] Created image: 'TaharezLook/WindowRightEdge' (0xb59fd0) of type: BasicImage
23/09/2014 21:14:40 (Std) 	[ImageManager] Created image: 'TaharezLook/WindowTopEdge' (0xb58ca0) of type: BasicImage
23/09/2014 21:14:40 (Std) 	[ImageManager] Created image: 'TaharezLook/WindowBottomEdge' (0xb58980) of type: BasicImage
23/09/2014 21:14:40 (Std) 	[ImageManager] Created image: 'TaharezLook/WindowTopLeft' (0xb5a1e0) of type: BasicImage
23/09/2014 21:14:40 (Std) 	[ImageManager] Created image: 'TaharezLook/WindowTopRight' (0xb5a3f0) of type: BasicImage
23/09/2014 21:14:40 (Std) 	[ImageManager] Created image: 'TaharezLook/WindowBottomLeft' (0xb5a600) of type: BasicImage
23/09/2014 21:14:40 (Std) 	[ImageManager] Created image: 'TaharezLook/WindowBottomRight' (0xb5a810) of type: BasicImage
23/09/2014 21:14:40 (Std) 	[ImageManager] Created image: 'TaharezLook/ButtonLeftNormal' (0xb5aa20) of type: BasicImage
23/09/2014 21:14:40 (Std) 	[ImageManager] Created image: 'TaharezLook/ButtonMiddleNormal' (0xb5ac30) of type: BasicImage
23/09/2014 21:14:40 (Std) 	[ImageManager] Created image: 'TaharezLook/ButtonRightNormal' (0xb59890) of type: BasicImage
23/09/2014 21:14:40 (Std) 	[ImageManager] Created image: 'TaharezLook/ButtonLeftPushed' (0xb57810) of type: BasicImage
23/09/2014 21:14:40 (Std) 	[ImageManager] Created image: 'TaharezLook/ButtonMiddlePushed' (0xb68f50) of type: BasicImage
23/09/2014 21:14:40 (Std) 	[ImageManager] Created image: 'TaharezLook/ButtonRightPushed' (0xb69160) of type: BasicImage
23/09/2014 21:14:40 (Std) 	[ImageManager] Created image: 'TaharezLook/ButtonLeftHighlight' (0xb69370) of type: BasicImage
23/09/2014 21:14:40 (Std) 	[ImageManager] Created image: 'TaharezLook/ButtonMiddleHighlight' (0xb69710) of type: BasicImage
23/09/2014 21:14:40 (Std) 	[ImageManager] Created image: 'TaharezLook/ButtonRightHighlight' (0xb69ad0) of type: BasicImage
23/09/2014 21:14:40 (Std) 	[ImageManager] Created image: 'TaharezLook/CheckboxNormal' (0xb5b160) of type: BasicImage
23/09/2014 21:14:40 (Std) 	[ImageManager] Created image: 'TaharezLook/CheckboxHover' (0xb69e90) of type: BasicImage
23/09/2014 21:14:40 (Std) 	[ImageManager] Created image: 'TaharezLook/CheckboxMark' (0xb6a0a0) of type: BasicImage
23/09/2014 21:14:40 (Std) 	[ImageManager] Created image: 'TaharezLook/RadioButtonNormal' (0xb6a2b0) of type: BasicImage
23/09/2014 21:14:40 (Std) 	[ImageManager] Created image: 'TaharezLook/RadioButtonHover' (0xb6a4c0) of type: BasicImage
23/09/2014 21:14:40 (Std) 	[ImageManager] Created image: 'TaharezLook/RadioButtonMark' (0xb6a6d0) of type: BasicImage
23/09/2014 21:14:40 (Std) 	[ImageManager] Created image: 'TaharezLook/TitlebarLeft' (0xb6a8e0) of type: BasicImage
23/09/2014 21:14:40 (Std) 	[ImageManager] Created image: 'TaharezLook/TitlebarMiddle' (0xb6aaf0) of type: BasicImage
23/09/2014 21:14:40 (Std) 	[ImageManager] Created image: 'TaharezLook/TitlebarRight' (0xb6ad00) of type: BasicImage
23/09/2014 21:14:40 (Std) 	[ImageManager] Created image: 'TaharezLook/NewTitlebarLeft' (0xb6af10) of type: BasicImage
23/09/2014 21:14:40 (Std) 	[ImageManager] Created image: 'TaharezLook/NewTitlebarMiddle' (0xb6b120) of type: BasicImage
23/09/2014 21:14:40 (Std) 	[ImageManager] Created image: 'TaharezLook/NewTitlebarRight' (0xb6b330) of type: BasicImage
23/09/2014 21:14:40 (Std) 	[ImageManager] Created image: 'TaharezLook/SysAreaMiddle' (0xb6b540) of type: BasicImage
23/09/2014 21:14:40 (Std) 	[ImageManager] Created image: 'TaharezLook/SysAreaRight' (0xb6b750) of type: BasicImage
23/09/2014 21:14:40 (Std) 	[ImageManager] Created image: 'TaharezLook/StaticLeft' (0xb6b960) of type: BasicImage
23/09/2014 21:14:40 (Std) 	[ImageManager] Created image: 'TaharezLook/StaticRight' (0xb6bb70) of type: BasicImage
23/09/2014 21:14:40 (Std) 	[ImageManager] Created image: 'TaharezLook/StaticTop' (0xb6bd80) of type: BasicImage
23/09/2014 21:14:40 (Std) 	[ImageManager] Created image: 'TaharezLook/StaticBottom' (0xb6bf90) of type: BasicImage
23/09/2014 21:14:40 (Std) 	[ImageManager] Created image: 'TaharezLook/StaticTopLeft' (0xb6c1a0) of type: BasicImage
23/09/2014 21:14:40 (Std) 	[ImageManager] Created image: 'TaharezLook/StaticTopRight' (0xb6c3b0) of type: BasicImage
23/09/2014 21:14:40 (Std) 	[ImageManager] Created image: 'TaharezLook/StaticBottomLeft' (0xb6c5c0) of type: BasicImage
23/09/2014 21:14:40 (Std) 	[ImageManager] Created image: 'TaharezLook/StaticBottomRight' (0xb6c7d0) of type: BasicImage
23/09/2014 21:14:40 (Std) 	[ImageManager] Created image: 'TaharezLook/StaticBackdrop' (0xb6c9e0) of type: BasicImage
23/09/2014 21:14:40 (Std) 	[ImageManager] Created image: 'TaharezLook/ProgressBarLeft' (0xb6cbf0) of type: BasicImage
23/09/2014 21:14:40 (Std) 	[ImageManager] Created image: 'TaharezLook/ProgressBarMiddle' (0xb6ce00) of type: BasicImage
23/09/2014 21:14:40 (Std) 	[ImageManager] Created image: 'TaharezLook/ProgressBarRight' (0xb6d010) of type: BasicImage
23/09/2014 21:14:40 (Std) 	[ImageManager] Created image: 'TaharezLook/ProgressBarDimSegment' (0xb6d220) of type: BasicImage
23/09/2014 21:14:40 (Std) 	[ImageManager] Created image: 'TaharezLook/ProgressBarLitSegment' (0xb6d5e0) of type: BasicImage
23/09/2014 21:14:40 (Std) 	[ImageManager] Created image: 'TaharezLook/EditBoxLeft' (0xb6d910) of type: BasicImage
23/09/2014 21:14:40 (Std) 	[ImageManager] Created image: 'TaharezLook/EditBoxMiddle' (0xb6db20) of type: BasicImage
23/09/2014 21:14:40 (Std) 	[ImageManager] Created image: 'TaharezLook/EditBoxRight' (0xb6dd30) of type: BasicImage
23/09/2014 21:14:40 (Std) 	[ImageManager] Created image: 'TaharezLook/EditBoxCaret' (0xb6df40) of type: BasicImage
23/09/2014 21:14:40 (Std) 	[ImageManager] Created image: 'TaharezLook/SpinnerUpNormal' (0xb6e150) of type: BasicImage
23/09/2014 21:14:40 (Std) 	[ImageManager] Created image: 'TaharezLook/SpinnerDownNormal' (0xb6e360) of type: BasicImage
23/09/2014 21:14:40 (Std) 	[ImageManager] Created image: 'TaharezLook/SpinnerUpHover' (0xb6e570) of type: BasicImage
23/09/2014 21:14:40 (Std) 	[ImageManager] Created image: 'TaharezLook/SpinnerDownHover' (0xb6e780) of type: BasicImage
23/09/2014 21:14:40 (Std) 	[ImageManager] Created image: 'TaharezLook/TextSelectionBrush' (0xb6e990) of type: BasicImage
23/09/2014 21:14:40 (Std) 	[ImageManager] Created image: 'TaharezLook/VertScrollTop' (0xb6eba0) of type: BasicImage
23/09/2014 21:14:40 (Std) 	[ImageManager] Created image: 'TaharezLook/VertScrollMiddle' (0xb6edb0) of type: BasicImage
23/09/2014 21:14:40 (Std) 	[ImageManager] Created image: 'TaharezLook/VertScrollBottom' (0xb6efc0) of type: BasicImage
23/09/2014 21:14:40 (Std) 	[ImageManager] Created image: 'TaharezLook/VertScrollBarSegment' (0xb6f200) of type: BasicImage
23/09/2014 21:14:40 (Std) 	[ImageManager] Created image: 'TaharezLook/VertScrollThumbNormal' (0xb57680) of type: BasicImage
23/09/2014 21:14:40 (Std) 	[ImageManager] Created image: 'TaharezLook/VertScrollThumbHover' (0xbaf8b0) of type: BasicImage
23/09/2014 21:14:40 (Std) 	[ImageManager] Created image: 'TaharezLook/VertScrollUpNormal' (0xbafbe0) of type: BasicImage
23/09/2014 21:14:40 (Std) 	[ImageManager] Created image: 'TaharezLook/VertScrollDownNormal' (0xbafdf0) of type: BasicImage
23/09/2014 21:14:40 (Std) 	[ImageManager] Created image: 'TaharezLook/VertScrollUpHover' (0xbb0120) of type: BasicImage
23/09/2014 21:14:40 (Std) 	[ImageManager] Created image: 'TaharezLook/VertScrollDownHover' (0xbb0330) of type: BasicImage
23/09/2014 21:14:40 (Std) 	[ImageManager] Created image: 'TaharezLook/MiniVertScrollBarSegment' (0xbb06d0) of type: BasicImage
23/09/2014 21:14:40 (Std) 	[ImageManager] Created image: 'TaharezLook/MiniVertScrollThumbNormal' (0xbb0ac0) of type: BasicImage
23/09/2014 21:14:40 (Std) 	[ImageManager] Created image: 'TaharezLook/MiniVertScrollThumbTopNormal' (0xbb0fa0) of type: BasicImage
23/09/2014 21:14:40 (Std) 	[ImageManager] Created image: 'TaharezLook/MiniVertScrollThumbMiddleNormal' (0xb59760) of type: BasicImage
23/09/2014 21:14:40 (Std) 	[ImageManager] Created image: 'TaharezLook/MiniVertScrollThumbBottomNormal' (0xbb17c0) of type: BasicImage
23/09/2014 21:14:40 (Std) 	[ImageManager] Created image: 'TaharezLook/MiniVertScrollThumbTopHover' (0xbb1ce0) of type: BasicImage
23/09/2014 21:14:40 (Std) 	[ImageManager] Created image: 'TaharezLook/MiniVertScrollThumbMiddleHover' (0xbb1ef0) of type: BasicImage
23/09/2014 21:14:40 (Std) 	[ImageManager] Created image: 'TaharezLook/MiniVertScrollThumbBottomHover' (0xbb2280) of type: BasicImage
23/09/2014 21:14:40 (Std) 	[ImageManager] Created image: 'TaharezLook/MiniVertScrollThumbHover' (0xbb2610) of type: BasicImage
23/09/2014 21:14:40 (Std) 	[ImageManager] Created image: 'TaharezLook/MiniVertScrollUpNormal' (0xbb2820) of type: BasicImage
23/09/2014 21:14:40 (Std) 	[ImageManager] Created image: 'TaharezLook/MiniVertScrollDownNormal' (0xbb2a30) of type: BasicImage
23/09/2014 21:14:40 (Std) 	[ImageManager] Created image: 'TaharezLook/MiniVertScrollUpHover' (0xbb2d80) of type: BasicImage
23/09/2014 21:14:40 (Std) 	[ImageManager] Created image: 'TaharezLook/MiniVertScrollDownHover' (0xbb2f90) of type: BasicImage
23/09/2014 21:14:40 (Std) 	[ImageManager] Created image: 'TaharezLook/VertSliderBody' (0xbb3380) of type: BasicImage
23/09/2014 21:14:40 (Std) 	[ImageManager] Created image: 'TaharezLook/VertSliderThumbNormal' (0xbb3590) of type: BasicImage
23/09/2014 21:14:40 (Std) 	[ImageManager] Created image: 'TaharezLook/VertSliderThumbHover' (0xbb37a0) of type: BasicImage
23/09/2014 21:14:40 (Std) 	[ImageManager] Created image: 'TaharezLook/MiniHorzScrollBarSegment' (0xbb3c60) of type: BasicImage
23/09/2014 21:14:40 (Std) 	[ImageManager] Created image: 'TaharezLook/MiniHorzScrollThumbNormal' (0xbb4050) of type: BasicImage
23/09/2014 21:14:40 (Std) 	[ImageManager] Created image: 'TaharezLook/MiniHorzScrollThumbLeftNormal' (0xbb4530) of type: BasicImage
23/09/2014 21:14:40 (Std) 	[ImageManager] Created image: 'TaharezLook/MiniHorzScrollThumbMiddleNormal' (0xbb4950) of type: BasicImage
23/09/2014 21:14:40 (Std) 	[ImageManager] Created image: 'TaharezLook/MiniHorzScrollThumbRightNormal' (0xbb4da0) of type: BasicImage
23/09/2014 21:14:40 (Std) 	[ImageManager] Created image: 'TaharezLook/MiniHorzScrollThumbHover' (0xbb5130) of type: BasicImage
23/09/2014 21:14:40 (Std) 	[ImageManager] Created image: 'TaharezLook/MiniHorzScrollThumbLeftHover' (0xbb5340) of type: BasicImage
23/09/2014 21:14:40 (Std) 	[ImageManager] Created image: 'TaharezLook/MiniHorzScrollThumbMiddleHover' (0xb6f620) of type: BasicImage
23/09/2014 21:14:40 (Std) 	[ImageManager] Created image: 'TaharezLook/MiniHorzScrollThumbRightHover' (0xbb5b70) of type: BasicImage
23/09/2014 21:14:40 (Std) 	[ImageManager] Created image: 'TaharezLook/MiniHorzScrollLeftNormal' (0xbb5d80) of type: BasicImage
23/09/2014 21:14:40 (Std) 	[ImageManager] Created image: 'TaharezLook/MiniHorzScrollRightNormal' (0xbb5f90) of type: BasicImage
23/09/2014 21:14:40 (Std) 	[ImageManager] Created image: 'TaharezLook/MiniHorzScrollLeftHover' (0xbb62e0) of type: BasicImage
23/09/2014 21:14:40 (Std) 	[ImageManager] Created image: 'TaharezLook/MiniHorzScrollRightHover' (0xbb6630) of type: BasicImage
23/09/2014 21:14:40 (Std) 	[ImageManager] Created image: 'TaharezLook/ListboxLeft' (0xbb6980) of type: BasicImage
23/09/2014 21:14:40 (Std) 	[ImageManager] Created image: 'TaharezLook/ListboxRight' (0xbb6b90) of type: BasicImage
23/09/2014 21:14:40 (Std) 	[ImageManager] Created image: 'TaharezLook/ListboxTop' (0xbb6da0) of type: BasicImage
23/09/2014 21:14:40 (Std) 	[ImageManager] Created image: 'TaharezLook/ListboxBottom' (0xbb6fb0) of type: BasicImage
23/09/2014 21:14:40 (Std) 	[ImageManager] Created image: 'TaharezLook/ListboxTopLeft' (0xbb71c0) of type: BasicImage
23/09/2014 21:14:40 (Std) 	[ImageManager] Created image: 'TaharezLook/ListboxTopRight' (0xbb73d0) of type: BasicImage
23/09/2014 21:14:40 (Std) 	[ImageManager] Created image: 'TaharezLook/ListboxBottomLeft' (0xbb75e0) of type: BasicImage
23/09/2014 21:14:40 (Std) 	[ImageManager] Created image: 'TaharezLook/ListboxBottomRight' (0xbb77f0) of type: BasicImage
23/09/2014 21:14:40 (Std) 	[ImageManager] Created image: 'TaharezLook/ListboxBackdrop' (0xbb7a00) of type: BasicImage
23/09/2014 21:14:40 (Std) 	[ImageManager] Created image: 'TaharezLook/ListboxSelectionBrush' (0xbb7c10) of type: BasicImage
23/09/2014 21:14:40 (Std) 	[ImageManager] Created image: 'TaharezLook/ComboboxEditLeft' (0xbb7e20) of type: BasicImage
23/09/2014 21:14:40 (Std) 	[ImageManager] Created image: 'TaharezLook/ComboboxEditMiddle' (0xbb8030) of type: BasicImage
23/09/2014 21:14:40 (Std) 	[ImageManager] Created image: 'TaharezLook/ComboboxListButtonNormal' (0xbb8240) of type: BasicImage
23/09/2014 21:14:40 (Std) 	[ImageManager] Created image: 'TaharezLook/ComboboxListButtonHover' (0xbb8630) of type: BasicImage
23/09/2014 21:14:40 (Std) 	[ImageManager] Created image: 'TaharezLook/ComboboxListLeft' (0xbb8980) of type: BasicImage
23/09/2014 21:14:40 (Std) 	[ImageManager] Created image: 'TaharezLook/ComboboxListRight' (0xbb8b90) of type: BasicImage
23/09/2014 21:14:40 (Std) 	[ImageManager] Created image: 'TaharezLook/ComboboxListTop' (0xbb8da0) of type: BasicImage
23/09/2014 21:14:40 (Std) 	[ImageManager] Created image: 'TaharezLook/ComboboxListBottom' (0xbb8fb0) of type: BasicImage
23/09/2014 21:14:40 (Std) 	[ImageManager] Created image: 'TaharezLook/ComboboxListTopLeft' (0xbb91c0) of type: BasicImage
23/09/2014 21:14:40 (Std) 	[ImageManager] Created image: 'TaharezLook/ComboboxListTopRight' (0xbb93d0) of type: BasicImage
23/09/2014 21:14:40 (Std) 	[ImageManager] Created image: 'TaharezLook/ComboboxListBottomLeft' (0xbb9770) of type: BasicImage
23/09/2014 21:14:40 (Std) 	[ImageManager] Created image: 'TaharezLook/ComboboxListBottomRight' (0xbb9ac0) of type: BasicImage
23/09/2014 21:14:40 (Std) 	[ImageManager] Created image: 'TaharezLook/ComboboxListBackdrop' (0xbb9e10) of type: BasicImage
23/09/2014 21:14:40 (Std) 	[ImageManager] Created image: 'TaharezLook/ComboboxSelectionBrush' (0xbba1b0) of type: BasicImage
23/09/2014 21:14:40 (Std) 	[ImageManager] Created image: 'TaharezLook/ComboboxDividerLeft' (0xbba500) of type: BasicImage
23/09/2014 21:14:40 (Std) 	[ImageManager] Created image: 'TaharezLook/ComboboxDividerMiddle' (0xbba710) of type: BasicImage
23/09/2014 21:14:40 (Std) 	[ImageManager] Created image: 'TaharezLook/ComboboxDividerRight' (0xbba920) of type: BasicImage
23/09/2014 21:14:40 (Std) 	[ImageManager] Created image: 'TaharezLook/HeaderBarBackdropNormal' (0xbbade0) of type: BasicImage
23/09/2014 21:14:40 (Std) 	[ImageManager] Created image: 'TaharezLook/HeaderBarBackdropHover' (0xbbb1d0) of type: BasicImage
23/09/2014 21:14:40 (Std) 	[ImageManager] Created image: 'TaharezLook/HeaderBarSplitterNormal' (0xbbb520) of type: BasicImage
23/09/2014 21:14:40 (Std) 	[ImageManager] Created image: 'TaharezLook/HeaderBarSplitterHover' (0xbbb870) of type: BasicImage
23/09/2014 21:14:40 (Std) 	[ImageManager] Created image: 'TaharezLook/HeaderBarSortUp' (0xbbbbc0) of type: BasicImage
23/09/2014 21:14:40 (Std) 	[ImageManager] Created image: 'TaharezLook/HeaderBarSortDown' (0xbbbdd0) of type: BasicImage
23/09/2014 21:14:40 (Std) 	[ImageManager] Created image: 'TaharezLook/MultiListLeft' (0xbbbfe0) of type: BasicImage
23/09/2014 21:14:40 (Std) 	[ImageManager] Created image: 'TaharezLook/MultiListRight' (0xbbc1f0) of type: BasicImage
23/09/2014 21:14:40 (Std) 	[ImageManager] Created image: 'TaharezLook/MultiListTop' (0xbbc400) of type: BasicImage
23/09/2014 21:14:40 (Std) 	[ImageManager] Created image: 'TaharezLook/MultiListBottom' (0xbbc610) of type: BasicImage
23/09/2014 21:14:40 (Std) 	[ImageManager] Created image: 'TaharezLook/MultiListTopLeft' (0xbbc820) of type: BasicImage
23/09/2014 21:14:40 (Std) 	[ImageManager] Created image: 'TaharezLook/MultiListTopRight' (0xbbca30) of type: BasicImage
23/09/2014 21:14:40 (Std) 	[ImageManager] Created image: 'TaharezLook/MultiListBottomLeft' (0xbbcc40) of type: BasicImage
23/09/2014 21:14:40 (Std) 	[ImageManager] Created image: 'TaharezLook/MultiListBottomRight' (0xbbce50) of type: BasicImage
23/09/2014 21:14:40 (Std) 	[ImageManager] Created image: 'TaharezLook/MultiListBackdrop' (0xbbd060) of type: BasicImage
23/09/2014 21:14:40 (Std) 	[ImageManager] Created image: 'TaharezLook/MultiListSelectionBrush' (0xbbd270) of type: BasicImage
23/09/2014 21:14:40 (Std) 	[ImageManager] Created image: 'TaharezLook/AltProgressLeft' (0xbbd660) of type: BasicImage
23/09/2014 21:14:40 (Std) 	[ImageManager] Created image: 'TaharezLook/AltProgressMiddle' (0xbbd870) of type: BasicImage
23/09/2014 21:14:40 (Std) 	[ImageManager] Created image: 'TaharezLook/AltProgressRight' (0xbbda80) of type: BasicImage
23/09/2014 21:14:40 (Std) 	[ImageManager] Created image: 'TaharezLook/AltProgressQuarter' (0xbbdc90) of type: BasicImage
23/09/2014 21:14:40 (Std) 	[ImageManager] Created image: 'TaharezLook/AltProgressHalf' (0xbbdea0) of type: BasicImage
23/09/2014 21:14:40 (Std) 	[ImageManager] Created image: 'TaharezLook/AltProgressLight1' (0xbbe0b0) of type: BasicImage
23/09/2014 21:14:40 (Std) 	[ImageManager] Created image: 'TaharezLook/AltProgressLight2' (0xbbe2c0) of type: BasicImage
23/09/2014 21:14:40 (Std) 	[ImageManager] Created image: 'TaharezLook/AltProgressLight3' (0xbbe4d0) of type: BasicImage
23/09/2014 21:14:40 (Std) 	[ImageManager] Created image: 'TaharezLook/AltProgressLight4' (0xbbe6e0) of type: BasicImage
23/09/2014 21:14:40 (Std) 	[ImageManager] Created image: 'TaharezLook/AltProgressLight5' (0xbbe8f0) of type: BasicImage
23/09/2014 21:14:40 (Std) 	[ImageManager] Created image: 'TaharezLook/AltProgressLight6' (0xbbeb00) of type: BasicImage
23/09/2014 21:14:40 (Std) 	[ImageManager] Created image: 'TaharezLook/AltProgressLight7' (0xbbed10) of type: BasicImage
23/09/2014 21:14:40 (Std) 	[ImageManager] Created image: 'TaharezLook/AltProgressLight8' (0xbbef20) of type: BasicImage
23/09/2014 21:14:40 (Std) 	[ImageManager] Created image: 'TaharezLook/AltProgressLight9' (0xbbf130) of type: BasicImage
23/09/2014 21:14:40 (Std) 	[ImageManager] Created image: 'TaharezLook/AltProgressLight10' (0xbbf340) of type: BasicImage
23/09/2014 21:14:40 (Std) 	[ImageManager] Created image: 'TaharezLook/CloseButtonNormal' (0xbbf550) of type: BasicImage
23/09/2014 21:14:40 (Std) 	[ImageManager] Created image: 'TaharezLook/CloseButtonHover' (0xbbf760) of type: BasicImage
23/09/2014 21:14:40 (Std) 	[ImageManager] Created image: 'TaharezLook/CloseButtonPressed' (0xbbf970) of type: BasicImage
23/09/2014 21:14:40 (Std) 	[ImageManager] Created image: 'TaharezLook/NewCloseButtonNormal' (0xbbfb80) of type: BasicImage
23/09/2014 21:14:40 (Std) 	[ImageManager] Created image: 'TaharezLook/NewCloseButtonHover' (0xbbfd90) of type: BasicImage
23/09/2014 21:14:40 (Std) 	[ImageManager] Created image: 'TaharezLook/NewCloseButtonPressed' (0xbbffa0) of type: BasicImage
23/09/2014 21:14:40 (Std) 	[ImageManager] Created image: 'TaharezLook/MultiLineEditboxLeft' (0xbc02d0) of type: BasicImage
23/09/2014 21:14:40 (Std) 	[ImageManager] Created image: 'TaharezLook/MultiLineEditboxRight' (0xbc0600) of type: BasicImage
23/09/2014 21:14:40 (Std) 	[ImageManager] Created image: 'TaharezLook/MultiLineEditboxTop' (0xbc0930) of type: BasicImage
23/09/2014 21:14:40 (Std) 	[ImageManager] Created image: 'TaharezLook/MultiLineEditboxBottom' (0xbc0cd0) of type: BasicImage
23/09/2014 21:14:40 (Std) 	[ImageManager] Created image: 'TaharezLook/MultiLineEditboxTopLeft' (0xbc10c0) of type: BasicImage
23/09/2014 21:14:40 (Std) 	[ImageManager] Created image: 'TaharezLook/MultiLineEditboxTopRight' (0xbc1410) of type: BasicImage
23/09/2014 21:14:40 (Std) 	[ImageManager] Created image: 'TaharezLook/MultiLineEditboxBottomLeft' (0xbc18f0) of type: BasicImage
23/09/2014 21:14:40 (Std) 	[ImageManager] Created image: 'TaharezLook/MultiLineEditboxBottomRight' (0xbc1d10) of type: BasicImage
23/09/2014 21:14:40 (Std) 	[ImageManager] Created image: 'TaharezLook/MultiLineEditboxBackdrop' (0xbc2080) of type: BasicImage
23/09/2014 21:14:40 (Std) 	[ImageManager] Created image: 'TaharezLook/MultiLineEditboxSelectionBrush' (0xbc2420) of type: BasicImage
23/09/2014 21:14:40 (Std) 	[ImageManager] Created image: 'TaharezLook/MouseTarget' (0xbc2d20) of type: BasicImage
23/09/2014 21:14:40 (Std) 	[ImageManager] Created image: 'TaharezLook/MouseArrow' (0xb587f0) of type: BasicImage
23/09/2014 21:14:40 (Std) 	[ImageManager] Created image: 'TaharezLook/MouseMoveCursor' (0xbc3250) of type: BasicImage
23/09/2014 21:14:40 (Std) 	[ImageManager] Created image: 'TaharezLook/MouseNoSoCursor' (0xbc3460) of type: BasicImage
23/09/2014 21:14:40 (Std) 	[ImageManager] Created image: 'TaharezLook/MouseEsWeCursor' (0xbc3670) of type: BasicImage
23/09/2014 21:14:40 (Std) 	[ImageManager] Created image: 'TaharezLook/MouseNeSwCursor' (0xbc3880) of type: BasicImage
23/09/2014 21:14:40 (Std) 	[ImageManager] Created image: 'TaharezLook/MouseNwSeCursor' (0xbc3a90) of type: BasicImage
23/09/2014 21:14:40 (Std) 	[ImageManager] Created image: 'TaharezLook/MouseTextBar' (0xbc3ca0) of type: BasicImage
23/09/2014 21:14:40 (Std) 	[ImageManager] Created image: 'TaharezLook/TabHorizontalFiller' (0xbc2f30) of type: BasicImage
23/09/2014 21:14:40 (Std) 	[ImageManager] Created image: 'TaharezLook/TabContentPaneUpperLeft' (0xbc2960) of type: BasicImage
23/09/2014 21:14:40 (Std) 	[ImageManager] Created image: 'TaharezLook/TabContentPaneUpper' (0xbc3eb0) of type: BasicImage
23/09/2014 21:14:40 (Std) 	[ImageManager] Created image: 'TaharezLook/TabContentPaneUpperRight' (0xbc3fd0) of type: BasicImage
23/09/2014 21:14:40 (Std) 	[ImageManager] Created image: 'TaharezLook/TabContentPaneLeft' (0xbc41e0) of type: BasicImage
23/09/2014 21:14:40 (Std) 	[ImageManager] Created image: 'TaharezLook/TabContentPaneRight' (0xbc43f0) of type: BasicImage
23/09/2014 21:14:40 (Std) 	[ImageManager] Created image: 'TaharezLook/TabContentPaneLower' (0xbc4600) of type: BasicImage
23/09/2014 21:14:40 (Std) 	[ImageManager] Created image: 'TaharezLook/TabContentPaneLowerLeft' (0xbc4810) of type: BasicImage
23/09/2014 21:14:40 (Std) 	[ImageManager] Created image: 'TaharezLook/TabContentPaneLowerRight' (0xbc4b60) of type: BasicImage
23/09/2014 21:14:40 (Std) 	[ImageManager] Created image: 'TaharezLook/TabContentPaneMiddle' (0xbc4eb0) of type: BasicImage
23/09/2014 21:14:40 (Std) 	[ImageManager] Created image: 'TaharezLook/TabButtonScrollLeftNormal' (0xbc50c0) of type: BasicImage
23/09/2014 21:14:40 (Std) 	[ImageManager] Created image: 'TaharezLook/TabButtonScrollRightNormal' (0xbc5640) of type: BasicImage
23/09/2014 21:14:40 (Std) 	[ImageManager] Created image: 'TaharezLook/TabButtonScrollLeftHover' (0xb58660) of type: BasicImage
23/09/2014 21:14:40 (Std) 	[ImageManager] Created image: 'TaharezLook/TabButtonScrollRightHover' (0xbc5bf0) of type: BasicImage
23/09/2014 21:14:40 (Std) 	[ImageManager] Created image: 'TaharezLook/TabButtonLeftNormal' (0xbc5f40) of type: BasicImage
23/09/2014 21:14:40 (Std) 	[ImageManager] Created image: 'TaharezLook/TabButtonRightNormal' (0xbc6150) of type: BasicImage
23/09/2014 21:14:40 (Std) 	[ImageManager] Created image: 'TaharezLook/TabButtonUpperNormal' (0xbc6360) of type: BasicImage
23/09/2014 21:14:40 (Std) 	[ImageManager] Created image: 'TaharezLook/TabButtonLowerNormal' (0xbc6690) of type: BasicImage
23/09/2014 21:14:40 (Std) 	[ImageManager] Created image: 'TaharezLook/TabButtonUpperLeftNormal' (0xbc6b50) of type: BasicImage
23/09/2014 21:14:40 (Std) 	[ImageManager] Created image: 'TaharezLook/TabButtonUpperLeft2Normal' (0xbc6f40) of type: BasicImage
23/09/2014 21:14:40 (Std) 	[ImageManager] Created image: 'TaharezLook/TabButtonUpperRightNormal' (0xbc7290) of type: BasicImage
23/09/2014 21:14:40 (Std) 	[ImageManager] Created image: 'TaharezLook/TabButtonLowerLeftNormal' (0xbc75e0) of type: BasicImage
23/09/2014 21:14:40 (Std) 	[ImageManager] Created image: 'TaharezLook/TabButtonLowerRightNormal' (0xbc7930) of type: BasicImage
23/09/2014 21:14:40 (Std) 	[ImageManager] Created image: 'TaharezLook/TabButtonLowerRight2Normal' (0xbc7e10) of type: BasicImage
23/09/2014 21:14:40 (Std) 	[ImageManager] Created image: 'TaharezLook/TabButtonMiddleNormal' (0xbc1760) of type: BasicImage
23/09/2014 21:14:40 (Std) 	[ImageManager] Created image: 'TaharezLook/TabButtonLeftSelected' (0xbc8320) of type: BasicImage
23/09/2014 21:14:40 (Std) 	[ImageManager] Created image: 'TaharezLook/TabButtonRightSelected' (0xbc86c0) of type: BasicImage
23/09/2014 21:14:40 (Std) 	[ImageManager] Created image: 'TaharezLook/TabButtonUpperSelected' (0xbc8a10) of type: BasicImage
23/09/2014 21:14:40 (Std) 	[ImageManager] Created image: 'TaharezLook/TabButtonLowerSelected' (0xbc8d60) of type: BasicImage
23/09/2014 21:14:40 (Std) 	[ImageManager] Created image: 'TaharezLook/TabButtonUpperLeftSelected' (0xbc9240) of type: BasicImage
23/09/2014 21:14:40 (Std) 	[ImageManager] Created image: 'TaharezLook/TabButtonUpperRightSelected' (0xbc9660) of type: BasicImage
23/09/2014 21:14:40 (Std) 	[ImageManager] Created image: 'TaharezLook/TabButtonLowerLeftSelected' (0xbc99d0) of type: BasicImage
23/09/2014 21:14:40 (Std) 	[ImageManager] Created image: 'TaharezLook/TabButtonLowerRightSelected' (0xbc9d40) of type: BasicImage
23/09/2014 21:14:40 (Std) 	[ImageManager] Created image: 'TaharezLook/TabButtonMiddleSelected' (0xbca0b0) of type: BasicImage
23/09/2014 21:14:40 (Std) 	[ImageManager] Created image: 'TaharezLook/TooltipTopLeft' (0xbca2c0) of type: BasicImage
23/09/2014 21:14:40 (Std) 	[ImageManager] Created image: 'TaharezLook/TooltipTopRight' (0xbca4d0) of type: BasicImage
23/09/2014 21:14:40 (Std) 	[ImageManager] Created image: 'TaharezLook/TooltipBottomLeft' (0xbca6e0) of type: BasicImage
23/09/2014 21:14:40 (Std) 	[ImageManager] Created image: 'TaharezLook/TooltipBottomRight' (0xbca8f0) of type: BasicImage
23/09/2014 21:14:40 (Std) 	[ImageManager] Created image: 'TaharezLook/TooltipLeftEdge' (0xbcab00) of type: BasicImage
23/09/2014 21:14:40 (Std) 	[ImageManager] Created image: 'TaharezLook/TooltipRightEdge' (0xbcad10) of type: BasicImage
23/09/2014 21:14:40 (Std) 	[ImageManager] Created image: 'TaharezLook/TooltipTopEdge' (0xbcaf20) of type: BasicImage
23/09/2014 21:14:40 (Std) 	[ImageManager] Created image: 'TaharezLook/TooltipBottomEdge' (0xbcb130) of type: BasicImage
23/09/2014 21:14:40 (Std) 	[ImageManager] Created image: 'TaharezLook/TooltipMiddle' (0xbcb340) of type: BasicImage
23/09/2014 21:14:40 (Std) 	[ImageManager] Created image: 'TaharezLook/MenuTopLeft' (0xbcb550) of type: BasicImage
23/09/2014 21:14:40 (Std) 	[ImageManager] Created image: 'TaharezLook/MenuTopRight' (0xbcb760) of type: BasicImage
23/09/2014 21:14:40 (Std) 	[ImageManager] Created image: 'TaharezLook/MenuBottomLeft' (0xbcb970) of type: BasicImage
23/09/2014 21:14:40 (Std) 	[ImageManager] Created image: 'TaharezLook/MenuBottomRight' (0xbcbb80) of type: BasicImage
23/09/2014 21:14:40 (Std) 	[ImageManager] Created image: 'TaharezLook/MenuLeft' (0xbcbd90) of type: BasicImage
23/09/2014 21:14:40 (Std) 	[ImageManager] Created image: 'TaharezLook/MenuRight' (0xbcbfa0) of type: BasicImage
23/09/2014 21:14:40 (Std) 	[ImageManager] Created image: 'TaharezLook/MenuTop' (0xbcc1b0) of type: BasicImage
23/09/2014 21:14:40 (Std) 	[ImageManager] Created image: 'TaharezLook/MenuBottom' (0xbcc3c0) of type: BasicImage
23/09/2014 21:14:40 (Std) 	[ImageManager] Created image: 'TaharezLook/MenuMiddle' (0xbcc5d0) of type: BasicImage
23/09/2014 21:14:40 (Std) 	[ImageManager] Created image: 'TaharezLook/PopupMenuFrameTopLeft' (0xbcc7e0) of type: BasicImage
23/09/2014 21:14:40 (Std) 	[ImageManager] Created image: 'TaharezLook/PopupMenuFrameTopRight' (0xbcc9f0) of type: BasicImage
23/09/2014 21:14:40 (Std) 	[ImageManager] Created image: 'TaharezLook/PopupMenuFrameBottomLeft' (0xbccde0) of type: BasicImage
23/09/2014 21:14:40 (Std) 	[ImageManager] Created image: 'TaharezLook/PopupMenuFrameBottomRight' (0xbcd130) of type: BasicImage
23/09/2014 21:14:40 (Std) 	[ImageManager] Created image: 'TaharezLook/PopupMenuFrameLeft' (0xbcd480) of type: BasicImage
23/09/2014 21:14:40 (Std) 	[ImageManager] Created image: 'TaharezLook/PopupMenuFrameRight' (0xbcd690) of type: BasicImage
23/09/2014 21:14:40 (Std) 	[ImageManager] Created image: 'TaharezLook/PopupMenuFrameTop' (0xbcd8a0) of type: BasicImage
23/09/2014 21:14:40 (Std) 	[ImageManager] Created image: 'TaharezLook/PopupMenuFrameBottom' (0xbcdab0) of type: BasicImage
23/09/2014 21:14:40 (Std) 	[ImageManager] Created image: 'TaharezLook/PopupMenuMiddle' (0xbcdcc0) of type: BasicImage
23/09/2014 21:14:40 (Std) 	[ImageManager] Created image: 'TaharezLook/PopupMenuArrowRight' (0xbcded0) of type: BasicImage
23/09/2014 21:14:40 (Std) 	[ImageManager] Created image: 'TaharezLook/PopupMenuArrowLeft' (0xbce0e0) of type: BasicImage
23/09/2014 21:14:40 (Std) 	[ImageManager] Created image: 'TaharezLook/TreeListClosed' (0xbce2f0) of type: BasicImage
23/09/2014 21:14:40 (Std) 	[ImageManager] Created image: 'TaharezLook/TreeListOpened' (0xbce500) of type: BasicImage
23/09/2014 21:14:40 (Std) 	===== Falagard 'root' element: look and feel parsing begins =====
23/09/2014 21:14:40 (Std) 	===== Look and feel parsing completed =====
23/09/2014 21:14:40 (Std) 	No window renderer factories specified for module 'CEGUICoreWindowRendererSet' - adding all available factories...
23/09/2014 21:14:40 (Std) 	Created WindowRendererFactory for 'Core/Button' WindowRenderers.
23/09/2014 21:14:40 (Std) 	WindowRendererFactory 'Core/Button' added. (0xe5d180)
23/09/2014 21:14:40 (Std) 	Created WindowRendererFactory for 'Core/Default' WindowRenderers.
23/09/2014 21:14:40 (Std) 	WindowRendererFactory 'Core/Default' added. (0xe5d320)
23/09/2014 21:14:40 (Std) 	Created WindowRendererFactory for 'Core/Editbox' WindowRenderers.
23/09/2014 21:14:40 (Std) 	WindowRendererFactory 'Core/Editbox' added. (0xe3b390)
23/09/2014 21:14:40 (Std) 	Created WindowRendererFactory for 'Core/FrameWindow' WindowRenderers.
23/09/2014 21:14:40 (Std) 	WindowRendererFactory 'Core/FrameWindow' added. (0xe1c8d0)
23/09/2014 21:14:40 (Std) 	Created WindowRendererFactory for 'Core/ItemEntry' WindowRenderers.
23/09/2014 21:14:40 (Std) 	WindowRendererFactory 'Core/ItemEntry' added. (0xe1ca70)
23/09/2014 21:14:40 (Std) 	Created WindowRendererFactory for 'Core/ListHeader' WindowRenderers.
23/09/2014 21:14:40 (Std) 	WindowRendererFactory 'Core/ListHeader' added. (0xe5e440)
23/09/2014 21:14:40 (Std) 	Created WindowRendererFactory for 'Core/ListHeaderSegment' WindowRenderers.
23/09/2014 21:14:40 (Std) 	WindowRendererFactory 'Core/ListHeaderSegment' added. (0xddf7c0)
23/09/2014 21:14:40 (Std) 	Created WindowRendererFactory for 'Core/Listbox' WindowRenderers.
23/09/2014 21:14:40 (Std) 	WindowRendererFactory 'Core/Listbox' added. (0xddf960)
23/09/2014 21:14:40 (Std) 	Created WindowRendererFactory for 'Core/Menubar' WindowRenderers.
23/09/2014 21:14:40 (Std) 	WindowRendererFactory 'Core/Menubar' added. (0xddfb00)
23/09/2014 21:14:40 (Std) 	Created WindowRendererFactory for 'Core/MenuItem' WindowRenderers.
23/09/2014 21:14:40 (Std) 	WindowRendererFactory 'Core/MenuItem' added. (0xdb49f0)
23/09/2014 21:14:40 (Std) 	Created WindowRendererFactory for 'Core/MultiColumnList' WindowRenderers.
23/09/2014 21:14:40 (Std) 	WindowRendererFactory 'Core/MultiColumnList' added. (0xdb4b90)
23/09/2014 21:14:40 (Std) 	Created WindowRendererFactory for 'Core/MultiLineEditbox' WindowRenderers.
23/09/2014 21:14:40 (Std) 	WindowRendererFactory 'Core/MultiLineEditbox' added. (0xdb4c50)
23/09/2014 21:14:40 (Std) 	Created WindowRendererFactory for 'Core/PopupMenu' WindowRenderers.
23/09/2014 21:14:40 (Std) 	WindowRendererFactory 'Core/PopupMenu' added. (0xe385e0)
23/09/2014 21:14:40 (Std) 	Created WindowRendererFactory for 'Core/ProgressBar' WindowRenderers.
23/09/2014 21:14:40 (Std) 	WindowRendererFactory 'Core/ProgressBar' added. (0xe38780)
23/09/2014 21:14:40 (Std) 	Created WindowRendererFactory for 'Core/ScrollablePane' WindowRenderers.
23/09/2014 21:14:40 (Std) 	WindowRendererFactory 'Core/ScrollablePane' added. (0xe38920)
23/09/2014 21:14:40 (Std) 	Created WindowRendererFactory for 'Core/Scrollbar' WindowRenderers.
23/09/2014 21:14:40 (Std) 	WindowRendererFactory 'Core/Scrollbar' added. (0xe38ac0)
23/09/2014 21:14:40 (Std) 	Created WindowRendererFactory for 'Core/Slider' WindowRenderers.
23/09/2014 21:14:40 (Std) 	WindowRendererFactory 'Core/Slider' added. (0xe5f1d0)
23/09/2014 21:14:40 (Std) 	Created WindowRendererFactory for 'Core/Static' WindowRenderers.
23/09/2014 21:14:40 (Std) 	WindowRendererFactory 'Core/Static' added. (0xe5f480)
23/09/2014 21:14:40 (Std) 	Created WindowRendererFactory for 'Core/StaticImage' WindowRenderers.
23/09/2014 21:14:40 (Std) 	WindowRendererFactory 'Core/StaticImage' added. (0xe5f620)
23/09/2014 21:14:40 (Std) 	Created WindowRendererFactory for 'Core/StaticText' WindowRenderers.
23/09/2014 21:14:40 (Std) 	WindowRendererFactory 'Core/StaticText' added. (0xe5f7c0)
23/09/2014 21:14:40 (Std) 	Created WindowRendererFactory for 'Core/TabButton' WindowRenderers.
23/09/2014 21:14:40 (Std) 	WindowRendererFactory 'Core/TabButton' added. (0xe5f960)
23/09/2014 21:14:40 (Std) 	Created WindowRendererFactory for 'Core/TabControl' WindowRenderers.
23/09/2014 21:14:40 (Std) 	WindowRendererFactory 'Core/TabControl' added. (0xe5b9b0)
23/09/2014 21:14:40 (Std) 	Created WindowRendererFactory for 'Core/Titlebar' WindowRenderers.
23/09/2014 21:14:40 (Std) 	WindowRendererFactory 'Core/Titlebar' added. (0xe5bb50)
23/09/2014 21:14:40 (Std) 	Created WindowRendererFactory for 'Core/ToggleButton' WindowRenderers.
23/09/2014 21:14:40 (Std) 	WindowRendererFactory 'Core/ToggleButton' added. (0xe5bcf0)
23/09/2014 21:14:40 (Std) 	Created WindowRendererFactory for 'Core/Tooltip' WindowRenderers.
23/09/2014 21:14:40 (Std) 	WindowRendererFactory 'Core/Tooltip' added. (0xe5be90)
23/09/2014 21:14:40 (Std) 	Created WindowRendererFactory for 'Core/ItemListbox' WindowRenderers.
23/09/2014 21:14:40 (Std) 	WindowRendererFactory 'Core/ItemListbox' added. (0xe5c030)
23/09/2014 21:14:40 (Std) 	Created WindowRendererFactory for 'Core/Tree' WindowRenderers.
23/09/2014 21:14:40 (Std) 	WindowRendererFactory 'Core/Tree' added. (0xe5c1d0)
23/09/2014 21:14:40 (Std) 	Creating falagard mapping for type 'TaharezLook/Label' using base type 'DefaultWindow', window renderer 'Core/Default' Look'N'Feel 'TaharezLook/Label' and RenderEffect ''. (0x7fffca2aefa8)
23/09/2014 21:14:40 (Std) 	Creating falagard mapping for type 'TaharezLook/Button' using base type 'CEGUI/PushButton', window renderer 'Core/Button' Look'N'Feel 'TaharezLook/Button' and RenderEffect ''. (0x7fffca2aefa8)
23/09/2014 21:14:40 (Std) 	Creating falagard mapping for type 'TaharezLook/Checkbox' using base type 'CEGUI/ToggleButton', window renderer 'Core/ToggleButton' Look'N'Feel 'TaharezLook/Checkbox' and RenderEffect ''. (0x7fffca2aefa8)
23/09/2014 21:14:40 (Std) 	Creating falagard mapping for type 'TaharezLook/ImageButton' using base type 'CEGUI/PushButton', window renderer 'Core/Button' Look'N'Feel 'TaharezLook/ImageButton' and RenderEffect ''. (0x7fffca2aefa8)
23/09/2014 21:14:40 (Std) 	Creating falagard mapping for type 'TaharezLook/RadioButton' using base type 'CEGUI/RadioButton', window renderer 'Core/ToggleButton' Look'N'Feel 'TaharezLook/RadioButton' and RenderEffect ''. (0x7fffca2aefa8)
23/09/2014 21:14:40 (Std) 	Creating falagard mapping for type 'TaharezLook/FrameWindow' using base type 'CEGUI/FrameWindow', window renderer 'Core/FrameWindow' Look'N'Feel 'TaharezLook/FrameWindow' and RenderEffect ''. (0x7fffca2aefa8)
23/09/2014 21:14:40 (Std) 	Creating falagard mapping for type 'TaharezLook/Titlebar' using base type 'CEGUI/Titlebar', window renderer 'Core/Titlebar' Look'N'Feel 'TaharezLook/Titlebar' and RenderEffect ''. (0x7fffca2aefa8)
23/09/2014 21:14:40 (Std) 	Creating falagard mapping for type 'TaharezLook/Editbox' using base type 'CEGUI/Editbox', window renderer 'Core/Editbox' Look'N'Feel 'TaharezLook/Editbox' and RenderEffect ''. (0x7fffca2aefa8)
23/09/2014 21:14:40 (Std) 	Creating falagard mapping for type 'TaharezLook/MultiLineEditbox' using base type 'CEGUI/MultiLineEditbox', window renderer 'Core/MultiLineEditbox' Look'N'Feel 'TaharezLook/MultiLineEditbox' and RenderEffect ''. (0x7fffca2aefa8)
23/09/2014 21:14:40 (Std) 	Creating falagard mapping for type 'TaharezLook/Menubar' using base type 'CEGUI/Menubar', window renderer 'Core/Menubar' Look'N'Feel 'TaharezLook/Menubar' and RenderEffect ''. (0x7fffca2aefa8)
23/09/2014 21:14:40 (Std) 	Creating falagard mapping for type 'TaharezLook/PopupMenu' using base type 'CEGUI/PopupMenu', window renderer 'Core/PopupMenu' Look'N'Feel 'TaharezLook/PopupMenu' and RenderEffect ''. (0x7fffca2aefa8)
23/09/2014 21:14:40 (Std) 	Creating falagard mapping for type 'TaharezLook/MenuItem' using base type 'CEGUI/MenuItem', window renderer 'Core/MenuItem' Look'N'Feel 'TaharezLook/MenuItem' and RenderEffect ''. (0x7fffca2aefa8)
23/09/2014 21:14:40 (Std) 	Creating falagard mapping for type 'TaharezLook/AlternateProgressBar' using base type 'CEGUI/ProgressBar', window renderer 'Core/ProgressBar' Look'N'Feel 'TaharezLook/AltProgressBar' and RenderEffect ''. (0x7fffca2aefa8)
23/09/2014 21:14:40 (Std) 	Creating falagard mapping for type 'TaharezLook/ProgressBar' using base type 'CEGUI/ProgressBar', window renderer 'Core/ProgressBar' Look'N'Feel 'TaharezLook/ProgressBar' and RenderEffect ''. (0x7fffca2aefa8)
23/09/2014 21:14:40 (Std) 	Creating falagard mapping for type 'TaharezLook/VUMeter' using base type 'CEGUI/ProgressBar', window renderer 'Core/ProgressBar' Look'N'Feel 'TaharezLook/VUMeter' and RenderEffect ''. (0x7fffca2aefa8)
23/09/2014 21:14:40 (Std) 	Creating falagard mapping for type 'TaharezLook/VerticalScrollbar' using base type 'CEGUI/Scrollbar', window renderer 'Core/Scrollbar' Look'N'Feel 'TaharezLook/VerticalScrollbar' and RenderEffect ''. (0x7fffca2aefa8)
23/09/2014 21:14:40 (Std) 	Creating falagard mapping for type 'TaharezLook/HorizontalScrollbar' using base type 'CEGUI/Scrollbar', window renderer 'Core/Scrollbar' Look'N'Feel 'TaharezLook/HorizontalScrollbar' and RenderEffect ''. (0x7fffca2aefa8)
23/09/2014 21:14:40 (Std) 	Creating falagard mapping for type 'TaharezLook/VerticalScrollbarThumb' using base type 'CEGUI/Thumb', window renderer 'Core/Button' Look'N'Feel 'TaharezLook/VerticalScrollbarThumb' and RenderEffect ''. (0x7fffca2aefa8)
23/09/2014 21:14:40 (Std) 	Creating falagard mapping for type 'TaharezLook/HorizontalScrollbarThumb' using base type 'CEGUI/Thumb', window renderer 'Core/Button' Look'N'Feel 'TaharezLook/HorizontalScrollbarThumb' and RenderEffect ''. (0x7fffca2aefa8)
23/09/2014 21:14:40 (Std) 	Creating falagard mapping for type 'TaharezLook/LargeVerticalScrollbar' using base type 'CEGUI/Scrollbar', window renderer 'Core/Scrollbar' Look'N'Feel 'TaharezLook/LargeVerticalScrollbar' and RenderEffect ''. (0x7fffca2aefa8)
23/09/2014 21:14:40 (Std) 	Creating falagard mapping for type 'TaharezLook/LargeVerticalScrollbarThumb' using base type 'CEGUI/Thumb', window renderer 'Core/Button' Look'N'Feel 'TaharezLook/LargeVerticalScrollbarThumb' and RenderEffect ''. (0x7fffca2aefa8)
23/09/2014 21:14:40 (Std) 	Creating falagard mapping for type 'TaharezLook/TabButton' using base type 'CEGUI/TabButton', window renderer 'Core/TabButton' Look'N'Feel 'TaharezLook/TabButton' and RenderEffect ''. (0x7fffca2aefa8)
23/09/2014 21:14:40 (Std) 	Creating falagard mapping for type 'TaharezLook/TabControl' using base type 'CEGUI/TabControl', window renderer 'Core/TabControl' Look'N'Feel 'TaharezLook/TabControl' and RenderEffect ''. (0x7fffca2aefa8)
23/09/2014 21:14:40 (Std) 	Creating falagard mapping for type 'TaharezLook/TabContentPane' using base type 'DefaultWindow', window renderer 'Core/Default' Look'N'Feel 'TaharezLook/TabContentPane' and RenderEffect ''. (0x7fffca2aefa8)
23/09/2014 21:14:40 (Std) 	Creating falagard mapping for type 'TaharezLook/TabButtonPane' using base type 'DefaultWindow', window renderer 'Core/Default' Look'N'Feel 'TaharezLook/TabButtonPane' and RenderEffect ''. (0x7fffca2aefa8)
23/09/2014 21:14:40 (Std) 	Creating falagard mapping for type 'TaharezLook/ComboDropList' using base type 'CEGUI/ComboDropList', window renderer 'Core/Listbox' Look'N'Feel 'TaharezLook/ComboDropList' and RenderEffect ''. (0x7fffca2aefa8)
23/09/2014 21:14:40 (Std) 	Creating falagard mapping for type 'TaharezLook/ComboEditbox' using base type 'CEGUI/Editbox', window renderer 'Core/Editbox' Look'N'Feel 'TaharezLook/ComboEditbox' and RenderEffect ''. (0x7fffca2aefa8)
23/09/2014 21:14:40 (Std) 	Creating falagard mapping for type 'TaharezLook/Combobox' using base type 'CEGUI/Combobox', window renderer 'Core/Default' Look'N'Feel 'TaharezLook/Combobox' and RenderEffect ''. (0x7fffca2aefa8)
23/09/2014 21:14:40 (Std) 	Creating falagard mapping for type 'TaharezLook/Listbox' using base type 'CEGUI/Listbox', window renderer 'Core/Listbox' Look'N'Feel 'TaharezLook/Listbox' and RenderEffect ''. (0x7fffca2aefa8)
23/09/2014 21:14:40 (Std) 	Creating falagard mapping for type 'TaharezLook/ListHeader' using base type 'CEGUI/ListHeader', window renderer 'Core/ListHeader' Look'N'Feel 'TaharezLook/ListHeader' and RenderEffect ''. (0x7fffca2aefa8)
23/09/2014 21:14:40 (Std) 	Creating falagard mapping for type 'TaharezLook/ListHeaderSegment' using base type 'CEGUI/ListHeaderSegment', window renderer 'Core/ListHeaderSegment' Look'N'Feel 'TaharezLook/ListHeaderSegment' and RenderEffect ''. (0x7fffca2aefa8)
23/09/2014 21:14:40 (Std) 	Creating falagard mapping for type 'TaharezLook/MultiColumnList' using base type 'CEGUI/MultiColumnList', window renderer 'Core/MultiColumnList' Look'N'Feel 'TaharezLook/MultiColumnList' and RenderEffect ''. (0x7fffca2aefa8)
23/09/2014 21:14:40 (Std) 	Creating falagard mapping for type 'TaharezLook/Slider' using base type 'CEGUI/Slider', window renderer 'Core/Slider' Look'N'Feel 'TaharezLook/Slider' and RenderEffect ''. (0x7fffca2aefa8)
23/09/2014 21:14:40 (Std) 	Creating falagard mapping for type 'TaharezLook/SliderThumb' using base type 'CEGUI/Thumb', window renderer 'Core/Button' Look'N'Feel 'TaharezLook/SliderThumb' and RenderEffect ''. (0x7fffca2aefa8)
23/09/2014 21:14:40 (Std) 	Creating falagard mapping for type 'TaharezLook/ScrollablePane' using base type 'CEGUI/ScrollablePane', window renderer 'Core/ScrollablePane' Look'N'Feel 'TaharezLook/ScrollablePane' and RenderEffect ''. (0x7fffca2aefa8)
23/09/2014 21:14:40 (Std) 	Creating falagard mapping for type 'TaharezLook/Spinner' using base type 'CEGUI/Spinner', window renderer 'Core/Default' Look'N'Feel 'TaharezLook/Spinner' and RenderEffect ''. (0x7fffca2aefa8)
23/09/2014 21:14:40 (Std) 	Creating falagard mapping for type 'TaharezLook/Tooltip' using base type 'CEGUI/Tooltip', window renderer 'Core/Tooltip' Look'N'Feel 'TaharezLook/Tooltip' and RenderEffect ''. (0x7fffca2aefa8)
23/09/2014 21:14:40 (Std) 	Creating falagard mapping for type 'TaharezLook/StaticImage' using base type 'DefaultWindow', window renderer 'Core/StaticImage' Look'N'Feel 'TaharezLook/StaticImage' and RenderEffect ''. (0x7fffca2aefa8)
23/09/2014 21:14:40 (Std) 	Creating falagard mapping for type 'TaharezLook/StaticText' using base type 'DefaultWindow', window renderer 'Core/StaticText' Look'N'Feel 'TaharezLook/StaticText' and RenderEffect ''. (0x7fffca2aefa8)
23/09/2014 21:14:40 (Std) 	Creating falagard mapping for type 'TaharezLook/ItemListbox' using base type 'CEGUI/ItemListbox', window renderer 'Core/ItemListbox' Look'N'Feel 'TaharezLook/ItemListbox' and RenderEffect ''. (0x7fffca2aefa8)
23/09/2014 21:14:40 (Std) 	Creating falagard mapping for type 'TaharezLook/ListboxItem' using base type 'CEGUI/ItemEntry', window renderer 'Core/ItemEntry' Look'N'Feel 'TaharezLook/ListboxItem' and RenderEffect ''. (0x7fffca2aefa8)
23/09/2014 21:14:40 (Std) 	Creating falagard mapping for type 'TaharezLook/GroupBox' using base type 'DefaultWindow', window renderer 'Core/Default' Look'N'Feel 'TaharezLook/GroupBox' and RenderEffect ''. (0x7fffca2aefa8)
23/09/2014 21:14:40 (Std) 	Creating falagard mapping for type 'TaharezLook/Tree' using base type 'CEGUI/Tree', window renderer 'Core/Tree' Look'N'Feel 'TaharezLook/Tree' and RenderEffect ''. (0x7fffca2aefa8)
23/09/2014 21:14:40 (Std) 	[OpenGLRenderer] Created texture: _ogl_tt_tex_0
23/09/2014 21:14:40 (Std) 	Display resize: w=1920 h=1080
23/09/2014 21:14:40 (Std) 	[OpenGLRenderer] Created texture: DejaVuSans-10_auto_glyph_images_32
